This file contains any messages produced by compilers while
running configure, to aid debugging if configure makes a mistake.

It was created by libuldaq configure 1.2.0, which was
generated by GNU Autoconf 2.69.  Invocation command line was

  $ ./configure 

## --------- ##
## Platform. ##
## --------- ##

hostname = Lenovo
uname -m = x86_64
uname -r = 5.4.0-65-generic
uname -s = Linux
uname -v = #73~18.04.1-Ubuntu SMP Tue Jan 19 09:02:24 UTC 2021

/usr/bin/uname -p = unknown
/bin/uname -X     = unknown

/bin/arch              = unknown
/usr/bin/arch -k       = unknown
/usr/convex/getsysinfo = unknown
/usr/bin/hostinfo      = unknown
/bin/machine           = unknown
/usr/bin/oslevel       = unknown
/bin/universe          = unknown

PATH: /home/novello/iot/platformio/renode_portable
PATH: /home/novello/.local/bin
PATH: /home/novello/.local/bin
PATH: /usr/local/sbin
PATH: /usr/local/bin
PATH: /usr/sbin
PATH: /usr/bin
PATH: /sbin
PATH: /bin
PATH: /usr/games
PATH: /usr/local/games
PATH: /snap/bin


## ----------- ##
## Core tests. ##
## ----------- ##

configure:2414: checking for a BSD-compatible install
configure:2482: result: /usr/bin/install -c
configure:2493: checking whether build environment is sane
configure:2548: result: yes
configure:2699: checking for a thread-safe mkdir -p
configure:2738: result: /bin/mkdir -p
configure:2745: checking for gawk
configure:2775: result: no
configure:2745: checking for mawk
configure:2761: found /usr/bin/mawk
configure:2772: result: mawk
configure:2783: checking whether make sets $(MAKE)
configure:2805: result: yes
configure:2834: checking whether make supports nested variables
configure:2851: result: yes
configure:2988: checking for style of include used by make
configure:3016: result: GNU
configure:3087: checking for gcc
configure:3103: found /usr/bin/gcc
configure:3114: result: gcc
configure:3343: checking for C compiler version
configure:3352: gcc --version >&5
gcc (Ubuntu 7.5.0-3ubuntu1~18.04) 7.5.0
Copyright (C) 2017 Free Software Foundation, Inc.
This is free software; see the source for copying conditions.  There is NO
warranty; not even for MERCHANTABILITY or FITNESS FOR A PARTICULAR PURPOSE.

configure:3363: $? = 0
configure:3352: gcc -v >&5
Using built-in specs.
COLLECT_GCC=gcc
COLLECT_LTO_WRAPPER=/usr/lib/gcc/x86_64-linux-gnu/7/lto-wrapper
OFFLOAD_TARGET_NAMES=nvptx-none
OFFLOAD_TARGET_DEFAULT=1
Target: x86_64-linux-gnu
Configured with: ../src/configure -v --with-pkgversion='Ubuntu 7.5.0-3ubuntu1~18.04' --with-bugurl=file:///usr/share/doc/gcc-7/README.Bugs --enable-languages=c,ada,c++,go,brig,d,fortran,objc,obj-c++ --prefix=/usr --with-gcc-major-version-only --program-suffix=-7 --program-prefix=x86_64-linux-gnu- --enable-shared --enable-linker-build-id --libexecdir=/usr/lib --without-included-gettext --enable-threads=posix --libdir=/usr/lib --enable-nls --enable-bootstrap --enable-clocale=gnu --enable-libstdcxx-debug --enable-libstdcxx-time=yes --with-default-libstdcxx-abi=new --enable-gnu-unique-object --disable-vtable-verify --enable-libmpx --enable-plugin --enable-default-pie --with-system-zlib --with-target-system-zlib --enable-objc-gc=auto --enable-multiarch --disable-werror --with-arch-32=i686 --with-abi=m64 --with-multilib-list=m32,m64,mx32 --enable-multilib --with-tune=generic --enable-offload-targets=nvptx-none --without-cuda-driver --enable-checking=release --build=x86_64-linux-gnu --host=x86_64-linux-gnu --target=x86_64-linux-gnu
Thread model: posix
gcc version 7.5.0 (Ubuntu 7.5.0-3ubuntu1~18.04) 
configure:3363: $? = 0
configure:3352: gcc -V >&5
gcc: error: unrecognized command line option '-V'
gcc: fatal error: no input files
compilation terminated.
configure:3363: $? = 1
configure:3352: gcc -qversion >&5
gcc: error: unrecognized command line option '-qversion'; did you mean '--version'?
gcc: fatal error: no input files
compilation terminated.
configure:3363: $? = 1
configure:3383: checking whether the C compiler works
configure:3405: gcc -O3   conftest.c  >&5
configure:3409: $? = 0
configure:3457: result: yes
configure:3460: checking for C compiler default output file name
configure:3462: result: a.out
configure:3468: checking for suffix of executables
configure:3475: gcc -o conftest -O3   conftest.c  >&5
configure:3479: $? = 0
configure:3501: result: 
configure:3523: checking whether we are cross compiling
configure:3531: gcc -o conftest -O3   conftest.c  >&5
configure:3535: $? = 0
configure:3542: ./conftest
configure:3546: $? = 0
configure:3561: result: no
configure:3566: checking for suffix of object files
configure:3588: gcc -c -O3  conftest.c >&5
configure:3592: $? = 0
configure:3613: result: o
configure:3617: checking whether we are using the GNU C compiler
configure:3636: gcc -c -O3  conftest.c >&5
configure:3636: $? = 0
configure:3645: result: yes
configure:3654: checking whether gcc accepts -g
configure:3674: gcc -c -g  conftest.c >&5
configure:3674: $? = 0
configure:3715: result: yes
configure:3732: checking for gcc option to accept ISO C89
configure:3795: gcc  -c -O3  conftest.c >&5
configure:3795: $? = 0
configure:3808: result: none needed
configure:3833: checking whether gcc understands -c and -o together
configure:3855: gcc -c conftest.c -o conftest2.o
configure:3858: $? = 0
configure:3855: gcc -c conftest.c -o conftest2.o
configure:3858: $? = 0
configure:3870: result: yes
configure:3889: checking dependency style of gcc
configure:4000: result: gcc3
configure:4065: checking for ar
configure:4081: found /usr/bin/ar
configure:4092: result: ar
configure:4118: checking the archiver (ar) interface
configure:4134: gcc -c -O3  conftest.c >&5
configure:4134: $? = 0
configure:4136: ar cru libconftest.a conftest.o >&5
ar: `u' modifier ignored since `D' is the default (see `U')
configure:4139: $? = 0
configure:4167: result: ar
configure:4202: checking whether make supports nested variables
configure:4219: result: yes
configure:4290: checking for g++
configure:4306: found /usr/bin/g++
configure:4317: result: g++
configure:4344: checking for C++ compiler version
configure:4353: g++ --version >&5
g++ (Ubuntu 7.5.0-3ubuntu1~18.04) 7.5.0
Copyright (C) 2017 Free Software Foundation, Inc.
This is free software; see the source for copying conditions.  There is NO
warranty; not even for MERCHANTABILITY or FITNESS FOR A PARTICULAR PURPOSE.

configure:4364: $? = 0
configure:4353: g++ -v >&5
Using built-in specs.
COLLECT_GCC=g++
COLLECT_LTO_WRAPPER=/usr/lib/gcc/x86_64-linux-gnu/7/lto-wrapper
OFFLOAD_TARGET_NAMES=nvptx-none
OFFLOAD_TARGET_DEFAULT=1
Target: x86_64-linux-gnu
Configured with: ../src/configure -v --with-pkgversion='Ubuntu 7.5.0-3ubuntu1~18.04' --with-bugurl=file:///usr/share/doc/gcc-7/README.Bugs --enable-languages=c,ada,c++,go,brig,d,fortran,objc,obj-c++ --prefix=/usr --with-gcc-major-version-only --program-suffix=-7 --program-prefix=x86_64-linux-gnu- --enable-shared --enable-linker-build-id --libexecdir=/usr/lib --without-included-gettext --enable-threads=posix --libdir=/usr/lib --enable-nls --enable-bootstrap --enable-clocale=gnu --enable-libstdcxx-debug --enable-libstdcxx-time=yes --with-default-libstdcxx-abi=new --enable-gnu-unique-object --disable-vtable-verify --enable-libmpx --enable-plugin --enable-default-pie --with-system-zlib --with-target-system-zlib --enable-objc-gc=auto --enable-multiarch --disable-werror --with-arch-32=i686 --with-abi=m64 --with-multilib-list=m32,m64,mx32 --enable-multilib --with-tune=generic --enable-offload-targets=nvptx-none --without-cuda-driver --enable-checking=release --build=x86_64-linux-gnu --host=x86_64-linux-gnu --target=x86_64-linux-gnu
Thread model: posix
gcc version 7.5.0 (Ubuntu 7.5.0-3ubuntu1~18.04) 
configure:4364: $? = 0
configure:4353: g++ -V >&5
g++: error: unrecognized command line option '-V'
g++: fatal error: no input files
compilation terminated.
configure:4364: $? = 1
configure:4353: g++ -qversion >&5
g++: error: unrecognized command line option '-qversion'; did you mean '--version'?
g++: fatal error: no input files
compilation terminated.
configure:4364: $? = 1
configure:4368: checking whether we are using the GNU C++ compiler
configure:4387: g++ -c -O3  conftest.cpp >&5
configure:4387: $? = 0
configure:4396: result: yes
configure:4405: checking whether g++ accepts -g
configure:4425: g++ -c -g  conftest.cpp >&5
configure:4425: $? = 0
configure:4466: result: yes
configure:4491: checking dependency style of g++
configure:4602: result: gcc3
configure:4665: checking for gcc
configure:4692: result: gcc
configure:4921: checking for C compiler version
configure:4930: gcc --version >&5
gcc (Ubuntu 7.5.0-3ubuntu1~18.04) 7.5.0
Copyright (C) 2017 Free Software Foundation, Inc.
This is free software; see the source for copying conditions.  There is NO
warranty; not even for MERCHANTABILITY or FITNESS FOR A PARTICULAR PURPOSE.

configure:4941: $? = 0
configure:4930: gcc -v >&5
Using built-in specs.
COLLECT_GCC=gcc
COLLECT_LTO_WRAPPER=/usr/lib/gcc/x86_64-linux-gnu/7/lto-wrapper
OFFLOAD_TARGET_NAMES=nvptx-none
OFFLOAD_TARGET_DEFAULT=1
Target: x86_64-linux-gnu
Configured with: ../src/configure -v --with-pkgversion='Ubuntu 7.5.0-3ubuntu1~18.04' --with-bugurl=file:///usr/share/doc/gcc-7/README.Bugs --enable-languages=c,ada,c++,go,brig,d,fortran,objc,obj-c++ --prefix=/usr --with-gcc-major-version-only --program-suffix=-7 --program-prefix=x86_64-linux-gnu- --enable-shared --enable-linker-build-id --libexecdir=/usr/lib --without-included-gettext --enable-threads=posix --libdir=/usr/lib --enable-nls --enable-bootstrap --enable-clocale=gnu --enable-libstdcxx-debug --enable-libstdcxx-time=yes --with-default-libstdcxx-abi=new --enable-gnu-unique-object --disable-vtable-verify --enable-libmpx --enable-plugin --enable-default-pie --with-system-zlib --with-target-system-zlib --enable-objc-gc=auto --enable-multiarch --disable-werror --with-arch-32=i686 --with-abi=m64 --with-multilib-list=m32,m64,mx32 --enable-multilib --with-tune=generic --enable-offload-targets=nvptx-none --without-cuda-driver --enable-checking=release --build=x86_64-linux-gnu --host=x86_64-linux-gnu --target=x86_64-linux-gnu
Thread model: posix
gcc version 7.5.0 (Ubuntu 7.5.0-3ubuntu1~18.04) 
configure:4941: $? = 0
configure:4930: gcc -V >&5
gcc: error: unrecognized command line option '-V'
gcc: fatal error: no input files
compilation terminated.
configure:4941: $? = 1
configure:4930: gcc -qversion >&5
gcc: error: unrecognized command line option '-qversion'; did you mean '--version'?
gcc: fatal error: no input files
compilation terminated.
configure:4941: $? = 1
configure:4945: checking whether we are using the GNU C compiler
configure:4973: result: yes
configure:4982: checking whether gcc accepts -g
configure:5043: result: yes
configure:5060: checking for gcc option to accept ISO C89
configure:5136: result: none needed
configure:5161: checking whether gcc understands -c and -o together
configure:5198: result: yes
configure:5217: checking dependency style of gcc
configure:5328: result: gcc3
configure:5372: checking build system type
configure:5386: result: x86_64-unknown-linux-gnu
configure:5406: checking host system type
configure:5419: result: x86_64-unknown-linux-gnu
configure:5460: checking how to print strings
configure:5487: result: printf
configure:5508: checking for a sed that does not truncate output
configure:5572: result: /bin/sed
configure:5590: checking for grep that handles long lines and -e
configure:5648: result: /bin/grep
configure:5653: checking for egrep
configure:5715: result: /bin/grep -E
configure:5720: checking for fgrep
configure:5782: result: /bin/grep -F
configure:5817: checking for ld used by gcc
configure:5884: result: /usr/bin/ld
configure:5891: checking if the linker (/usr/bin/ld) is GNU ld
configure:5906: result: yes
configure:5918: checking for BSD- or MS-compatible name lister (nm)
configure:5967: result: /usr/bin/nm -B
configure:6097: checking the name lister (/usr/bin/nm -B) interface
configure:6104: gcc -c -O3  conftest.c >&5
configure:6107: /usr/bin/nm -B "conftest.o"
configure:6110: output
0000000000000000 B some_variable
configure:6117: result: BSD nm
configure:6120: checking whether ln -s works
configure:6124: result: yes
configure:6132: checking the maximum length of command line arguments
configure:6263: result: 3458764513820540925
configure:6280: checking whether the shell understands some XSI constructs
configure:6290: result: yes
configure:6294: checking whether the shell understands "+="
configure:6300: result: yes
configure:6335: checking how to convert x86_64-unknown-linux-gnu file names to x86_64-unknown-linux-gnu format
configure:6375: result: func_convert_file_noop
configure:6382: checking how to convert x86_64-unknown-linux-gnu file names to toolchain format
configure:6402: result: func_convert_file_noop
configure:6409: checking for /usr/bin/ld option to reload object files
configure:6416: result: -r
configure:6490: checking for objdump
configure:6506: found /usr/bin/objdump
configure:6517: result: objdump
configure:6549: checking how to recognize dependent libraries
configure:6747: result: pass_all
configure:6832: checking for dlltool
configure:6862: result: no
configure:6892: checking how to associate runtime and link libraries
configure:6919: result: printf %s\n
configure:7043: checking for archiver @FILE support
configure:7060: gcc -c -O3  conftest.c >&5
configure:7060: $? = 0
configure:7063: ar cru libconftest.a @conftest.lst >&5
ar: `u' modifier ignored since `D' is the default (see `U')
configure:7066: $? = 0
configure:7071: ar cru libconftest.a @conftest.lst >&5
ar: `u' modifier ignored since `D' is the default (see `U')
ar: conftest.o: No such file or directory
configure:7074: $? = 1
configure:7086: result: @
configure:7144: checking for strip
configure:7160: found /usr/bin/strip
configure:7171: result: strip
configure:7243: checking for ranlib
configure:7259: found /usr/bin/ranlib
configure:7270: result: ranlib
configure:7372: checking command to parse /usr/bin/nm -B output from gcc object
configure:7492: gcc -c -O3  conftest.c >&5
configure:7495: $? = 0
configure:7499: /usr/bin/nm -B conftest.o \| sed -n -e 's/^.*[ ]\([ABCDGIRSTW][ABCDGIRSTW]*\)[ ][ ]*\([_A-Za-z][_A-Za-z0-9]*\)$/\1 \2 \2/p' | sed '/ __gnu_lto/d' \> conftest.nm
configure:7502: $? = 0
configure:7568: gcc -o conftest -O3   conftest.c conftstm.o >&5
configure:7571: $? = 0
configure:7609: result: ok
configure:7646: checking for sysroot
configure:7676: result: no
configure:7753: gcc -c -O3  conftest.c >&5
configure:7756: $? = 0
configure:7945: checking for mt
configure:7961: found /bin/mt
configure:7972: result: mt
configure:7995: checking if mt is a manifest tool
configure:8001: mt '-?'
configure:8009: result: no
configure:8651: checking how to run the C preprocessor
configure:8682: gcc -E  conftest.c
configure:8682: $? = 0
configure:8696: gcc -E  conftest.c
conftest.c:11:10: fatal error: ac_nonexistent.h: No such file or directory
 #include <ac_nonexistent.h>
          ^~~~~~~~~~~~~~~~~~
compilation terminated.
configure:8696: $? = 1
configure: failed program was:
| /* confdefs.h */
| #define PACKAGE_NAME "libuldaq"
| #define PACKAGE_TARNAME "libuldaq"
| #define PACKAGE_VERSION "1.2.0"
| #define PACKAGE_STRING "libuldaq 1.2.0"
| #define PACKAGE_BUGREPORT "info@mccdaq.com"
| #define PACKAGE_URL "http://www.mccdaq.com"
| #define PACKAGE "libuldaq"
| #define VERSION "1.2.0"
| /* end confdefs.h.  */
| #include <ac_nonexistent.h>
configure:8721: result: gcc -E
configure:8741: gcc -E  conftest.c
configure:8741: $? = 0
configure:8755: gcc -E  conftest.c
conftest.c:11:10: fatal error: ac_nonexistent.h: No such file or directory
 #include <ac_nonexistent.h>
          ^~~~~~~~~~~~~~~~~~
compilation terminated.
configure:8755: $? = 1
configure: failed program was:
| /* confdefs.h */
| #define PACKAGE_NAME "libuldaq"
| #define PACKAGE_TARNAME "libuldaq"
| #define PACKAGE_VERSION "1.2.0"
| #define PACKAGE_STRING "libuldaq 1.2.0"
| #define PACKAGE_BUGREPORT "info@mccdaq.com"
| #define PACKAGE_URL "http://www.mccdaq.com"
| #define PACKAGE "libuldaq"
| #define VERSION "1.2.0"
| /* end confdefs.h.  */
| #include <ac_nonexistent.h>
configure:8784: checking for ANSI C header files
configure:8804: gcc -c -O3  conftest.c >&5
configure:8804: $? = 0
configure:8877: gcc -o conftest -O3   conftest.c  >&5
configure:8877: $? = 0
configure:8877: ./conftest
configure:8877: $? = 0
configure:8888: result: yes
configure:8901: checking for sys/types.h
configure:8901: gcc -c -O3  conftest.c >&5
configure:8901: $? = 0
configure:8901: result: yes
configure:8901: checking for sys/stat.h
configure:8901: gcc -c -O3  conftest.c >&5
configure:8901: $? = 0
configure:8901: result: yes
configure:8901: checking for stdlib.h
configure:8901: gcc -c -O3  conftest.c >&5
configure:8901: $? = 0
configure:8901: result: yes
configure:8901: checking for string.h
configure:8901: gcc -c -O3  conftest.c >&5
configure:8901: $? = 0
configure:8901: result: yes
configure:8901: checking for memory.h
configure:8901: gcc -c -O3  conftest.c >&5
configure:8901: $? = 0
configure:8901: result: yes
configure:8901: checking for strings.h
configure:8901: gcc -c -O3  conftest.c >&5
configure:8901: $? = 0
configure:8901: result: yes
configure:8901: checking for inttypes.h
configure:8901: gcc -c -O3  conftest.c >&5
configure:8901: $? = 0
configure:8901: result: yes
configure:8901: checking for stdint.h
configure:8901: gcc -c -O3  conftest.c >&5
configure:8901: $? = 0
configure:8901: result: yes
configure:8901: checking for unistd.h
configure:8901: gcc -c -O3  conftest.c >&5
configure:8901: $? = 0
configure:8901: result: yes
configure:8915: checking for dlfcn.h
configure:8915: gcc -c -O3  conftest.c >&5
configure:8915: $? = 0
configure:8915: result: yes
configure:9132: checking for objdir
configure:9147: result: .libs
configure:9418: checking if gcc supports -fno-rtti -fno-exceptions
configure:9436: gcc -c -O3  -fno-rtti -fno-exceptions conftest.c >&5
cc1: warning: command line option '-fno-rtti' is valid for C++/ObjC++ but not for C
configure:9440: $? = 0
configure:9453: result: no
configure:9780: checking for gcc option to produce PIC
configure:9787: result: -fPIC -DPIC
configure:9795: checking if gcc PIC flag -fPIC -DPIC works
configure:9813: gcc -c -O3  -fPIC -DPIC -DPIC conftest.c >&5
configure:9817: $? = 0
configure:9830: result: yes
configure:9859: checking if gcc static flag -static works
configure:9887: result: yes
configure:9902: checking if gcc supports -c -o file.o
configure:9923: gcc -c -O3  -o out/conftest2.o conftest.c >&5
configure:9927: $? = 0
configure:9949: result: yes
configure:9957: checking if gcc supports -c -o file.o
configure:10004: result: yes
configure:10037: checking whether the gcc linker (/usr/bin/ld -m elf_x86_64) supports shared libraries
configure:11194: result: yes
configure:11231: checking whether -lc should be explicitly linked in
configure:11239: gcc -c -O3  conftest.c >&5
configure:11242: $? = 0
configure:11257: gcc -shared  -fPIC -DPIC conftest.o  -v -Wl,-soname -Wl,conftest -o conftest 2\>\&1 \| /bin/grep  -lc  \>/dev/null 2\>\&1
configure:11260: $? = 0
configure:11274: result: no
configure:11434: checking dynamic linker characteristics
configure:11934: gcc -o conftest -O3   -Wl,-rpath -Wl,/foo conftest.c  >&5
configure:11934: $? = 0
configure:12168: result: GNU/Linux ld.so
configure:12275: checking how to hardcode library paths into programs
configure:12300: result: immediate
configure:12840: checking whether stripping libraries is possible
configure:12845: result: yes
configure:12880: checking if libtool supports shared libraries
configure:12882: result: yes
configure:12885: checking whether to build shared libraries
configure:12906: result: yes
configure:12909: checking whether to build static libraries
configure:12913: result: yes
configure:12936: checking how to run the C++ preprocessor
configure:12963: g++ -E  conftest.cpp
configure:12963: $? = 0
configure:12977: g++ -E  conftest.cpp
conftest.cpp:23:10: fatal error: ac_nonexistent.h: No such file or directory
 #include <ac_nonexistent.h>
          ^~~~~~~~~~~~~~~~~~
compilation terminated.
configure:12977: $? = 1
configure: failed program was:
| /* confdefs.h */
| #define PACKAGE_NAME "libuldaq"
| #define PACKAGE_TARNAME "libuldaq"
| #define PACKAGE_VERSION "1.2.0"
| #define PACKAGE_STRING "libuldaq 1.2.0"
| #define PACKAGE_BUGREPORT "info@mccdaq.com"
| #define PACKAGE_URL "http://www.mccdaq.com"
| #define PACKAGE "libuldaq"
| #define VERSION "1.2.0"
| #define STDC_HEADERS 1
| #define HAVE_SYS_TYPES_H 1
| #define HAVE_SYS_STAT_H 1
| #define HAVE_STDLIB_H 1
| #define HAVE_STRING_H 1
| #define HAVE_MEMORY_H 1
| #define HAVE_STRINGS_H 1
| #define HAVE_INTTYPES_H 1
| #define HAVE_STDINT_H 1
| #define HAVE_UNISTD_H 1
| #define HAVE_DLFCN_H 1
| #define LT_OBJDIR ".libs/"
| /* end confdefs.h.  */
| #include <ac_nonexistent.h>
configure:13002: result: g++ -E
configure:13022: g++ -E  conftest.cpp
configure:13022: $? = 0
configure:13036: g++ -E  conftest.cpp
conftest.cpp:23:10: fatal error: ac_nonexistent.h: No such file or directory
 #include <ac_nonexistent.h>
          ^~~~~~~~~~~~~~~~~~
compilation terminated.
configure:13036: $? = 1
configure: failed program was:
| /* confdefs.h */
| #define PACKAGE_NAME "libuldaq"
| #define PACKAGE_TARNAME "libuldaq"
| #define PACKAGE_VERSION "1.2.0"
| #define PACKAGE_STRING "libuldaq 1.2.0"
| #define PACKAGE_BUGREPORT "info@mccdaq.com"
| #define PACKAGE_URL "http://www.mccdaq.com"
| #define PACKAGE "libuldaq"
| #define VERSION "1.2.0"
| #define STDC_HEADERS 1
| #define HAVE_SYS_TYPES_H 1
| #define HAVE_SYS_STAT_H 1
| #define HAVE_STDLIB_H 1
| #define HAVE_STRING_H 1
| #define HAVE_MEMORY_H 1
| #define HAVE_STRINGS_H 1
| #define HAVE_INTTYPES_H 1
| #define HAVE_STDINT_H 1
| #define HAVE_UNISTD_H 1
| #define HAVE_DLFCN_H 1
| #define LT_OBJDIR ".libs/"
| /* end confdefs.h.  */
| #include <ac_nonexistent.h>
configure:13205: checking for ld used by g++
configure:13272: result: /usr/bin/ld -m elf_x86_64
configure:13279: checking if the linker (/usr/bin/ld -m elf_x86_64) is GNU ld
configure:13294: result: yes
configure:13349: checking whether the g++ linker (/usr/bin/ld -m elf_x86_64) supports shared libraries
configure:14351: result: yes
configure:14387: g++ -c -O3  conftest.cpp >&5
configure:14390: $? = 0
configure:14910: checking for g++ option to produce PIC
configure:14917: result: -fPIC -DPIC
configure:14925: checking if g++ PIC flag -fPIC -DPIC works
configure:14943: g++ -c -O3  -fPIC -DPIC -DPIC conftest.cpp >&5
configure:14947: $? = 0
configure:14960: result: yes
configure:14983: checking if g++ static flag -static works
configure:15011: result: yes
configure:15023: checking if g++ supports -c -o file.o
configure:15044: g++ -c -O3  -o out/conftest2.o conftest.cpp >&5
configure:15048: $? = 0
configure:15070: result: yes
configure:15075: checking if g++ supports -c -o file.o
configure:15122: result: yes
configure:15152: checking whether the g++ linker (/usr/bin/ld -m elf_x86_64) supports shared libraries
configure:15191: result: yes
configure:15332: checking dynamic linker characteristics
configure:16000: result: GNU/Linux ld.so
configure:16053: checking how to hardcode library paths into programs
configure:16078: result: immediate
configure:16148: checking operating system
configure:16150: result: x86_64-unknown-linux-gnu
configure:16154: result:  Linux
configure:16179: checking for libusb_init in -lusb-1.0
configure:16204: gcc -o conftest -O3   conftest.c -lusb-1.0   >&5
configure:16204: $? = 0
configure:16213: result: yes
configure:16229: checking libusb-1.0/libusb.h usability
configure:16229: gcc -c -O3  conftest.c >&5
configure:16229: $? = 0
configure:16229: result: yes
configure:16229: checking libusb-1.0/libusb.h presence
configure:16229: gcc -E  conftest.c
configure:16229: $? = 0
configure:16229: result: yes
configure:16229: checking for libusb-1.0/libusb.h
configure:16229: result: yes
configure:16308: checking if g++ supports -Wno-psabi flag
configure:16321: g++ -c -O3 -Wno-psabi  conftest.cpp >&5
configure:16321: $? = 0
configure:16327: result: yes
configure:16460: checking that generated files are newer than configure
configure:16466: result: done
configure:16513: creating ./config.status

## ---------------------- ##
## Running config.status. ##
## ---------------------- ##

This file was extended by libuldaq config.status 1.2.0, which was
generated by GNU Autoconf 2.69.  Invocation command line was

  CONFIG_FILES    = 
  CONFIG_HEADERS  = 
  CONFIG_LINKS    = 
  CONFIG_COMMANDS = 
  $ ./config.status 

on Lenovo

config.status:1161: creating libuldaq.pc
config.status:1161: creating Makefile
config.status:1161: creating src/Makefile
config.status:1161: creating examples/Makefile
config.status:1161: creating config.h
config.status:1342: config.h is unchanged
config.status:1390: executing depfiles commands
config.status:1390: executing libtool commands

## ---------------- ##
## Cache variables. ##
## ---------------- ##

ac_cv_build=x86_64-unknown-linux-gnu
ac_cv_c_compiler_gnu=yes
ac_cv_cxx_compiler_gnu=yes
ac_cv_env_CCC_set=
ac_cv_env_CCC_value=
ac_cv_env_CC_set=
ac_cv_env_CC_value=
ac_cv_env_CFLAGS_set=
ac_cv_env_CFLAGS_value=
ac_cv_env_CPPFLAGS_set=
ac_cv_env_CPPFLAGS_value=
ac_cv_env_CPP_set=
ac_cv_env_CPP_value=
ac_cv_env_CXXCPP_set=
ac_cv_env_CXXCPP_value=
ac_cv_env_CXXFLAGS_set=
ac_cv_env_CXXFLAGS_value=
ac_cv_env_CXX_set=
ac_cv_env_CXX_value=
ac_cv_env_LDFLAGS_set=
ac_cv_env_LDFLAGS_value=
ac_cv_env_LIBS_set=
ac_cv_env_LIBS_value=
ac_cv_env_build_alias_set=
ac_cv_env_build_alias_value=
ac_cv_env_host_alias_set=
ac_cv_env_host_alias_value=
ac_cv_env_target_alias_set=
ac_cv_env_target_alias_value=
ac_cv_header_dlfcn_h=yes
ac_cv_header_inttypes_h=yes
ac_cv_header_libusb_1_0_libusb_h=yes
ac_cv_header_memory_h=yes
ac_cv_header_stdc=yes
ac_cv_header_stdint_h=yes
ac_cv_header_stdlib_h=yes
ac_cv_header_string_h=yes
ac_cv_header_strings_h=yes
ac_cv_header_sys_stat_h=yes
ac_cv_header_sys_types_h=yes
ac_cv_header_unistd_h=yes
ac_cv_host=x86_64-unknown-linux-gnu
ac_cv_lib_usb_1_0_libusb_init=yes
ac_cv_objext=o
ac_cv_path_EGREP='/bin/grep -E'
ac_cv_path_FGREP='/bin/grep -F'
ac_cv_path_GREP=/bin/grep
ac_cv_path_SED=/bin/sed
ac_cv_path_install='/usr/bin/install -c'
ac_cv_path_mkdir=/bin/mkdir
ac_cv_prog_AWK=mawk
ac_cv_prog_CPP='gcc -E'
ac_cv_prog_CXXCPP='g++ -E'
ac_cv_prog_ac_ct_AR=ar
ac_cv_prog_ac_ct_CC=gcc
ac_cv_prog_ac_ct_CXX=g++
ac_cv_prog_ac_ct_MANIFEST_TOOL=mt
ac_cv_prog_ac_ct_OBJDUMP=objdump
ac_cv_prog_ac_ct_RANLIB=ranlib
ac_cv_prog_ac_ct_STRIP=strip
ac_cv_prog_cc_c89=
ac_cv_prog_cc_g=yes
ac_cv_prog_cxx_g=yes
ac_cv_prog_make_make_set=yes
am_cv_CC_dependencies_compiler_type=gcc3
am_cv_CXX_dependencies_compiler_type=gcc3
am_cv_ar_interface=ar
am_cv_make_support_nested_variables=yes
am_cv_prog_cc_c_o=yes
lt_cv_ar_at_file=@
lt_cv_archive_cmds_need_lc=no
lt_cv_deplibs_check_method=pass_all
lt_cv_file_magic_cmd='$MAGIC_CMD'
lt_cv_file_magic_test_file=
lt_cv_ld_reload_flag=-r
lt_cv_nm_interface='BSD nm'
lt_cv_objdir=.libs
lt_cv_path_LD=/usr/bin/ld
lt_cv_path_LDCXX='/usr/bin/ld -m elf_x86_64'
lt_cv_path_NM='/usr/bin/nm -B'
lt_cv_path_mainfest_tool=no
lt_cv_prog_compiler_c_o=yes
lt_cv_prog_compiler_c_o_CXX=yes
lt_cv_prog_compiler_pic='-fPIC -DPIC'
lt_cv_prog_compiler_pic_CXX='-fPIC -DPIC'
lt_cv_prog_compiler_pic_works=yes
lt_cv_prog_compiler_pic_works_CXX=yes
lt_cv_prog_compiler_rtti_exceptions=no
lt_cv_prog_compiler_static_works=yes
lt_cv_prog_compiler_static_works_CXX=yes
lt_cv_prog_gnu_ld=yes
lt_cv_prog_gnu_ldcxx=yes
lt_cv_sharedlib_from_linklib_cmd='printf %s\n'
lt_cv_shlibpath_overrides_runpath=yes
lt_cv_sys_global_symbol_pipe='sed -n -e '\''s/^.*[	 ]\([ABCDGIRSTW][ABCDGIRSTW]*\)[	 ][	 ]*\([_A-Za-z][_A-Za-z0-9]*\)$/\1 \2 \2/p'\'' | sed '\''/ __gnu_lto/d'\'''
lt_cv_sys_global_symbol_to_c_name_address='sed -n -e '\''s/^: \([^ ]*\)[ ]*$/  {\"\1\", (void *) 0},/p'\'' -e '\''s/^[ABCDGIRSTW]* \([^ ]*\) \([^ ]*\)$/  {"\2", (void *) \&\2},/p'\'''
lt_cv_sys_global_symbol_to_c_name_address_lib_prefix='sed -n -e '\''s/^: \([^ ]*\)[ ]*$/  {\"\1\", (void *) 0},/p'\'' -e '\''s/^[ABCDGIRSTW]* \([^ ]*\) \(lib[^ ]*\)$/  {"\2", (void *) \&\2},/p'\'' -e '\''s/^[ABCDGIRSTW]* \([^ ]*\) \([^ ]*\)$/  {"lib\2", (void *) \&\2},/p'\'''
lt_cv_sys_global_symbol_to_cdecl='sed -n -e '\''s/^T .* \(.*\)$/extern int \1();/p'\'' -e '\''s/^[ABCDGIRSTW]* .* \(.*\)$/extern char \1;/p'\'''
lt_cv_sys_max_cmd_len=3458764513820540925
lt_cv_to_host_file_cmd=func_convert_file_noop
lt_cv_to_tool_file_cmd=func_convert_file_noop

## ----------------- ##
## Output variables. ##
## ----------------- ##

ACLOCAL='${SHELL} /home/novello/dac/libuldaq-1.2.0/missing aclocal-1.14'
AMDEPBACKSLASH='\'
AMDEP_FALSE='#'
AMDEP_TRUE=''
AMTAR='$${TAR-tar}'
AM_BACKSLASH='\'
AM_DEFAULT_V='$(AM_DEFAULT_VERBOSITY)'
AM_DEFAULT_VERBOSITY='0'
AM_V='$(V)'
AR='ar'
AUTOCONF='${SHELL} /home/novello/dac/libuldaq-1.2.0/missing autoconf'
AUTOHEADER='${SHELL} /home/novello/dac/libuldaq-1.2.0/missing autoheader'
AUTOMAKE='${SHELL} /home/novello/dac/libuldaq-1.2.0/missing automake-1.14'
AWK='mawk'
BUILD_EXAMPLES_FALSE='#'
BUILD_EXAMPLES_TRUE=''
CC='gcc'
CCDEPMODE='depmode=gcc3'
CFLAGS='-O3'
CPP='gcc -E'
CPPFLAGS=''
CXX='g++'
CXXCPP='g++ -E'
CXXDEPMODE='depmode=gcc3'
CXXFLAGS='-O3 -Wno-psabi'
CYGPATH_W='echo'
DEBUG_FALSE=''
DEBUG_TRUE='#'
DEFS='-DHAVE_CONFIG_H'
DEPDIR='.deps'
DLLTOOL='false'
DSYMUTIL=''
DUMPBIN=''
ECHO_C=''
ECHO_N='-n'
ECHO_T=''
EGREP='/bin/grep -E'
EXEEXT=''
FGREP='/bin/grep -F'
GREP='/bin/grep'
INSTALL_DATA='${INSTALL} -m 644'
INSTALL_PROGRAM='${INSTALL}'
INSTALL_SCRIPT='${INSTALL}'
INSTALL_STRIP_PROGRAM='$(install_sh) -c -s'
LD='/usr/bin/ld -m elf_x86_64'
LDFLAGS=''
LIBOBJS=''
LIBS='-lusb-1.0 '
LIBTOOL='$(SHELL) $(top_builddir)/libtool'
LIPO=''
LN_S='ln -s'
LTLDFLAGS='-version-info 3:0:2'
LTLIBOBJS=''
MAKEINFO='${SHELL} /home/novello/dac/libuldaq-1.2.0/missing makeinfo'
MANIFEST_TOOL=':'
MKDIR_P='/bin/mkdir -p'
NM='/usr/bin/nm -B'
NMEDIT=''
OBJDUMP='objdump'
OBJEXT='o'
OS_DARWIN=''
OS_DARWIN_FALSE=''
OS_DARWIN_TRUE='#'
OS_LINUX=''
OS_LINUX_FALSE='#'
OS_LINUX_TRUE=''
OTOOL64=''
OTOOL=''
PACKAGE='libuldaq'
PACKAGE_BUGREPORT='info@mccdaq.com'
PACKAGE_NAME='libuldaq'
PACKAGE_STRING='libuldaq 1.2.0'
PACKAGE_TARNAME='libuldaq'
PACKAGE_URL='http://www.mccdaq.com'
PACKAGE_VERSION='1.2.0'
PATH_SEPARATOR=':'
RANLIB='ranlib'
SED='/bin/sed'
SET_MAKE=''
SHELL='/bin/bash'
STRIP='strip'
VERSION='1.2.0'
ac_ct_AR='ar'
ac_ct_CC='gcc'
ac_ct_CXX='g++'
ac_ct_DUMPBIN=''
am__EXEEXT_FALSE=''
am__EXEEXT_TRUE='#'
am__fastdepCC_FALSE='#'
am__fastdepCC_TRUE=''
am__fastdepCXX_FALSE='#'
am__fastdepCXX_TRUE=''
am__include='include'
am__isrc=''
am__leading_dot='.'
am__nodep='_no'
am__quote=''
am__tar='$${TAR-tar} chof - "$$tardir"'
am__untar='$${TAR-tar} xf -'
bindir='${exec_prefix}/bin'
build='x86_64-unknown-linux-gnu'
build_alias=''
build_cpu='x86_64'
build_os='linux-gnu'
build_vendor='unknown'
datadir='${datarootdir}'
datarootdir='${prefix}/share'
docdir='${datarootdir}/doc/${PACKAGE_TARNAME}'
dvidir='${docdir}'
exec_prefix='${prefix}'
host='x86_64-unknown-linux-gnu'
host_alias=''
host_cpu='x86_64'
host_os='linux-gnu'
host_vendor='unknown'
htmldir='${docdir}'
includedir='${prefix}/include'
infodir='${datarootdir}/info'
install_sh='${SHELL} /home/novello/dac/libuldaq-1.2.0/install-sh'
libdir='${exec_prefix}/lib'
libexecdir='${exec_prefix}/libexec'
localedir='${datarootdir}/locale'
localstatedir='${prefix}/var'
mandir='${datarootdir}/man'
mkdir_p='$(MKDIR_P)'
oldincludedir='/usr/include'
pdfdir='${docdir}'
prefix='/usr/local'
program_transform_name='s,x,x,'
psdir='${docdir}'
sbindir='${exec_prefix}/sbin'
sharedstatedir='${prefix}/com'
sysconfdir='${prefix}/etc'
target_alias=''

## ----------- ##
## confdefs.h. ##
## ----------- ##

/* confdefs.h */
#define PACKAGE_NAME "libuldaq"
#define PACKAGE_TARNAME "libuldaq"
#define PACKAGE_VERSION "1.2.0"
#define PACKAGE_STRING "libuldaq 1.2.0"
#define PACKAGE_BUGREPORT "info@mccdaq.com"
#define PACKAGE_URL "http://www.mccdaq.com"
#define PACKAGE "libuldaq"
#define VERSION "1.2.0"
#define STDC_HEADERS 1
#define HAVE_SYS_TYPES_H 1
#define HAVE_SYS_STAT_H 1
#define HAVE_STDLIB_H 1
#define HAVE_STRING_H 1
#define HAVE_MEMORY_H 1
#define HAVE_STRINGS_H 1
#define HAVE_INTTYPES_H 1
#define HAVE_STDINT_H 1
#define HAVE_UNISTD_H 1
#define HAVE_DLFCN_H 1
#define LT_OBJDIR ".libs/"
#define OS_LINUX 1
#define HAVE_LIBUSB_1_0 1
#define HAVE_LIBUSB_1_0_LIBUSB_H 1

configure: exit 0
